<?xml version="1.0" encoding="UTF-8"?>
<!-- Generated by org.testng.reporters.JUnitXMLReporter -->
<testsuite ignored="0" hostname="LAPTOP-2VKIF9B1" failures="0" tests="2" name="TestFireFox" time="0.461" errors="0" timestamp="2022-05-30T20:18:02 IST">
  <testcase classname="newpro1.Testng" name="@BeforeTest launchBrowser" time="0.135">
    <failure type="java.lang.IllegalStateException" message="The driver executable does not exist: C:\Users\vaibhav\eclipse-workspace\newpro1\src\test\resources\Browser\msedgedriver  .exe">
      <![CDATA[java.lang.IllegalStateException: The driver executable does not exist: C:\Users\vaibhav\eclipse-workspace\newpro1\src\test\resources\Browser\msedgedriver  .exe
at com.google.common.base.Preconditions.checkState(Preconditions.java:585)
at org.openqa.selenium.remote.service.DriverService.checkExecutable(DriverService.java:146)
at org.openqa.selenium.remote.service.DriverService.findExecutable(DriverService.java:141)
at org.openqa.selenium.edge.EdgeDriverService.access$000(EdgeDriverService.java:37)
at org.openqa.selenium.edge.EdgeDriverService$Builder.findDefaultExecutable(EdgeDriverService.java:90)
at org.openqa.selenium.remote.service.DriverService$Builder.build(DriverService.java:355)
at org.openqa.selenium.edge.EdgeDriverService.createDefaultService(EdgeDriverService.java:70)
at org.openqa.selenium.edge.EdgeDriver.<init>(EdgeDriver.java:96)
at base.Base.openfirefox(Base.java:18)
at newpro1.Testng.launchBrowser(Testng.java:35)
at java.base/java.util.concurrent.FutureTask.run(FutureTask.java:264)
at java.base/java.util.concurrent.ThreadPoolExecutor.runWorker(ThreadPoolExecutor.java:1130)
at java.base/java.util.concurrent.ThreadPoolExecutor$Worker.run(ThreadPoolExecutor.java:630)
at java.base/java.lang.Thread.run(Thread.java:831)
... Removed 14 stack frames]]>
    </failure>
  </testcase> <!-- @BeforeTest launchBrowser -->
  <testcase classname="newpro1.Testng" name="@BeforeClass beforeclass" time="0.0">
    <skipped/>
  </testcase> <!-- @BeforeClass beforeclass -->
  <testcase classname="newpro1.Testng" name="@BeforeMethod beforemethod" time="0.0">
    <skipped/>
  </testcase> <!-- @BeforeMethod beforemethod -->
  <testcase classname="newpro1.Testng" name="@AfterMethod aftermethod" time="0.0">
    <skipped/>
  </testcase> <!-- @AfterMethod aftermethod -->
  <testcase classname="newpro1.Testng" name="@BeforeMethod beforemethod" time="0.0">
    <skipped/>
  </testcase> <!-- @BeforeMethod beforemethod -->
  <testcase classname="newpro1.Testng" name="@AfterMethod aftermethod" time="0.0">
    <skipped/>
  </testcase> <!-- @AfterMethod aftermethod -->
  <testcase classname="newpro1.Testng" name="@AfterClass afterclass" time="0.0">
    <skipped/>
  </testcase> <!-- @AfterClass afterclass -->
  <testcase classname="newpro1.Testng" name="@AfterTest aftertest" time="0.0">
    <skipped/>
  </testcase> <!-- @AfterTest aftertest -->
  <testcase classname="newpro1.Testng" name="testa" time="0.0">
    <skipped/>
  </testcase> <!-- testa -->
  <testcase classname="newpro1.Testng" name="testb" time="0.0">
    <skipped/>
  </testcase> <!-- testb -->
</testsuite> <!-- TestFireFox -->
